0 verbose cli C:\Program Files\nodejs\node.exe C:\Users\Maliha.mehnaz\AppData\Roaming\npm\node_modules\npm\bin\npm-cli.js
1 info using npm@11.3.0
2 info using node@v24.11.0
3 silly config load:file:C:\Users\Maliha.mehnaz\AppData\Roaming\npm\node_modules\npm\npmrc
4 silly config load:file:C:\Program Files\My Project\Portfolio-main\Portfolio-main\.npmrc
5 silly config load:file:C:\Users\Maliha.mehnaz\.npmrc
6 silly config load:file:C:\Users\Maliha.mehnaz\AppData\Roaming\npm\etc\npmrc
7 verbose title npm install
8 verbose argv "install"
9 verbose logfile logs-max:10 dir:C:\Program Files\My Project\Portfolio-main\Portfolio-main\my-local-cache\_logs\2025-11-10T15_26_56_460Z-
10 verbose logfile C:\Program Files\My Project\Portfolio-main\Portfolio-main\my-local-cache\_logs\2025-11-10T15_26_56_460Z-debug-0.log
11 silly logfile done cleaning log files
12 silly packumentCache heap:4496293888 maxSize:1124073472 maxEntrySize:562036736
13 silly idealTree buildDeps
14 silly reify moves {}
15 silly audit bulk request {
15 silly audit   '@alloc/quick-lru': [ '5.2.0' ],
15 silly audit   '@asteasolutions/zod-to-openapi': [ '7.3.4' ],
15 silly audit   '@babel/runtime': [ '7.26.9' ],
15 silly audit   '@colors/colors': [ '1.6.0' ],
15 silly audit   '@dabh/diagnostics': [ '2.0.3' ],
15 silly audit   '@emnapi/runtime': [ '1.4.3' ],
15 silly audit   '@epic-web/invariant': [ '1.0.0' ],
15 silly audit   '@esbuild/aix-ppc64': [ '0.25.10' ],
15 silly audit   '@esbuild/android-arm': [ '0.25.10' ],
15 silly audit   '@esbuild/android-arm64': [ '0.25.10' ],
15 silly audit   '@esbuild/android-x64': [ '0.25.10' ],
15 silly audit   '@esbuild/darwin-arm64': [ '0.25.10' ],
15 silly audit   '@esbuild/darwin-x64': [ '0.25.10' ],
15 silly audit   '@esbuild/freebsd-arm64': [ '0.25.10' ],
15 silly audit   '@esbuild/freebsd-x64': [ '0.25.10' ],
15 silly audit   '@esbuild/linux-arm': [ '0.25.10' ],
15 silly audit   '@esbuild/linux-arm64': [ '0.25.10' ],
15 silly audit   '@esbuild/linux-ia32': [ '0.25.10' ],
15 silly audit   '@esbuild/linux-loong64': [ '0.25.10' ],
15 silly audit   '@esbuild/linux-mips64el': [ '0.25.10' ],
15 silly audit   '@esbuild/linux-ppc64': [ '0.25.10' ],
15 silly audit   '@esbuild/linux-riscv64': [ '0.25.10' ],
15 silly audit   '@esbuild/linux-s390x': [ '0.25.10' ],
15 silly audit   '@esbuild/linux-x64': [ '0.25.10' ],
15 silly audit   '@esbuild/netbsd-arm64': [ '0.25.10' ],
15 silly audit   '@esbuild/netbsd-x64': [ '0.25.10' ],
15 silly audit   '@esbuild/openbsd-arm64': [ '0.25.10' ],
15 silly audit   '@esbuild/openbsd-x64': [ '0.25.10' ],
15 silly audit   '@esbuild/openharmony-arm64': [ '0.25.10' ],
15 silly audit   '@esbuild/sunos-x64': [ '0.25.10' ],
15 silly audit   '@esbuild/win32-arm64': [ '0.25.10' ],
15 silly audit   '@esbuild/win32-ia32': [ '0.25.10' ],
15 silly audit   '@esbuild/win32-x64': [ '0.25.10' ],
15 silly audit   '@fastify/busboy': [ '3.2.0' ],
15 silly audit   '@firebase/ai': [ '1.4.0' ],
15 silly audit   '@firebase/analytics': [ '0.10.16' ],
15 silly audit   '@firebase/analytics-compat': [ '0.2.22' ],
15 silly audit   '@firebase/analytics-types': [ '0.8.3' ],
15 silly audit   '@firebase/app': [ '0.13.1' ],
15 silly audit   '@firebase/app-check': [ '0.10.0' ],
15 silly audit   '@firebase/app-check-compat': [ '0.3.25' ],
15 silly audit   '@firebase/app-check-interop-types': [ '0.3.3' ],
15 silly audit   '@firebase/app-check-types': [ '0.5.3' ],
15 silly audit   '@firebase/app-compat': [ '0.4.1' ],
15 silly audit   '@firebase/app-types': [ '0.9.3' ],
15 silly audit   '@firebase/auth-compat': [ '0.5.27' ],
15 silly audit   '@firebase/auth': [ '1.10.7' ],
15 silly audit   '@firebase/auth-interop-types': [ '0.2.4' ],
15 silly audit   '@firebase/auth-types': [ '0.13.0' ],
15 silly audit   '@firebase/component': [ '0.6.17' ],
15 silly audit   '@firebase/data-connect': [ '0.3.9' ],
15 silly audit   '@firebase/database': [ '1.0.19' ],
15 silly audit   '@firebase/database-compat': [ '2.0.10' ],
15 silly audit   '@firebase/database-types': [ '1.0.14' ],
15 silly audit   '@firebase/firestore': [ '4.7.17' ],
15 silly audit   '@firebase/firestore-compat': [ '0.3.52' ],
15 silly audit   '@firebase/firestore-types': [ '3.0.3' ],
15 silly audit   '@grpc/grpc-js': [ '1.9.15', '1.14.0' ],
15 silly audit   '@firebase/functions': [ '0.12.8' ],
15 silly audit   '@firebase/functions-compat': [ '0.3.25' ],
15 silly audit   '@firebase/functions-types': [ '0.6.3' ],
15 silly audit   '@firebase/installations': [ '0.6.17' ],
15 silly audit   '@firebase/installations-compat': [ '0.2.17' ],
15 silly audit   '@firebase/installations-types': [ '0.5.3' ],
15 silly audit   '@firebase/logger': [ '0.4.4' ],
15 silly audit   '@firebase/messaging': [ '0.12.21' ],
15 silly audit   '@firebase/messaging-compat': [ '0.2.21' ],
15 silly audit   '@firebase/messaging-interop-types': [ '0.2.3' ],
15 silly audit   '@firebase/performance': [ '0.7.6' ],
15 silly audit   '@firebase/performance-compat': [ '0.2.19' ],
15 silly audit   '@firebase/performance-types': [ '0.2.3' ],
15 silly audit   '@firebase/remote-config': [ '0.6.4' ],
15 silly audit   '@firebase/remote-config-compat': [ '0.2.17' ],
15 silly audit   '@firebase/remote-config-types': [ '0.4.0' ],
15 silly audit   '@firebase/storage': [ '0.13.13' ],
15 silly audit   '@firebase/storage-compat': [ '0.3.23' ],
15 silly audit   '@firebase/storage-types': [ '0.8.3' ],
15 silly audit   '@firebase/util': [ '1.12.0' ],
15 silly audit   '@firebase/webchannel-wrapper': [ '1.0.3' ],
15 silly audit   '@floating-ui/core': [ '1.6.9' ],
15 silly audit   '@floating-ui/dom': [ '1.6.13' ],
15 silly audit   '@floating-ui/react-dom': [ '2.1.2' ],
15 silly audit   '@floating-ui/utils': [ '0.2.9' ],
15 silly audit   '@genkit-ai/ai': [ '1.20.0' ],
15 silly audit   '@genkit-ai/core': [ '1.20.0' ],
15 silly audit   '@genkit-ai/firebase': [ '1.20.0' ],
15 silly audit   '@genkit-ai/google-cloud': [ '1.20.0' ],
15 silly audit   '@genkit-ai/google-genai': [ '1.20.0' ],
15 silly audit   '@genkit-ai/next': [ '1.20.0' ],
15 silly audit   '@genkit-ai/telemetry-server': [ '1.20.0' ],
15 silly audit   '@genkit-ai/tools-common': [ '1.20.0' ],
15 silly audit   commander: [ '11.1.0', '4.1.1' ],
15 silly audit   uuid: [ '9.0.1', '8.3.2', '11.1.0', '10.0.0' ],
15 silly audit   '@google-cloud/common': [ '5.0.2' ],
15 silly audit   '@google-cloud/firestore': [ '7.11.6' ],
15 silly audit   '@google-cloud/logging': [ '11.2.1' ],
15 silly audit   '@google-cloud/logging-winston': [ '6.0.1' ],
15 silly audit   '@google-cloud/opentelemetry-cloud-monitoring-exporter': [ '0.19.0' ],
15 silly audit   '@google-cloud/opentelemetry-cloud-trace-exporter': [ '2.4.1' ],
15 silly audit   '@google-cloud/opentelemetry-resource-util': [ '2.4.0' ],
15 silly audit   '@google-cloud/paginator': [ '5.0.2' ],
15 silly audit   '@google-cloud/precise-date': [ '4.0.0' ],
15 silly audit   '@google-cloud/projectify': [ '4.0.0' ],
15 silly audit   '@google-cloud/promisify': [ '4.0.0' ],
15 silly audit   '@google-cloud/storage': [ '7.17.1' ],
15 silly audit   '@grpc/proto-loader': [ '0.8.0', '0.7.13' ],
15 silly audit   '@hookform/resolvers': [ '4.1.3' ],
15 silly audit   '@img/sharp-darwin-arm64': [ '0.34.2' ],
15 silly audit   '@img/sharp-darwin-x64': [ '0.34.2' ],
15 silly audit   '@img/sharp-libvips-darwin-arm64': [ '1.1.0' ],
15 silly audit   '@img/sharp-libvips-darwin-x64': [ '1.1.0' ],
15 silly audit   '@img/sharp-libvips-linux-arm': [ '1.1.0' ],
15 silly audit   '@img/sharp-libvips-linux-arm64': [ '1.1.0' ],
15 silly audit   '@img/sharp-libvips-linux-ppc64': [ '1.1.0' ],
15 silly audit   '@img/sharp-libvips-linux-s390x': [ '1.1.0' ],
15 silly audit   '@img/sharp-libvips-linux-x64': [ '1.1.0' ],
15 silly audit   '@img/sharp-libvips-linuxmusl-arm64': [ '1.1.0' ],
15 silly audit   '@img/sharp-libvips-linuxmusl-x64': [ '1.1.0' ],
15 silly audit   '@img/sharp-linux-arm': [ '0.34.2' ],
15 silly audit   '@img/sharp-linux-arm64': [ '0.34.2' ],
15 silly audit   '@img/sharp-linux-s390x': [ '0.34.2' ],
15 silly audit   '@img/sharp-linux-x64': [ '0.34.2' ],
15 silly audit   '@img/sharp-linuxmusl-arm64': [ '0.34.2' ],
15 silly audit   '@img/sharp-linuxmusl-x64': [ '0.34.2' ],
15 silly audit   '@img/sharp-wasm32': [ '0.34.2' ],
15 silly audit   '@img/sharp-win32-arm64': [ '0.34.2' ],
15 silly audit   '@img/sharp-win32-ia32': [ '0.34.2' ],
15 silly audit   '@img/sharp-win32-x64': [ '0.34.2' ],
15 silly audit   '@inquirer/ansi': [ '1.0.0' ],
15 silly audit   '@inquirer/checkbox': [ '4.2.4' ],
15 silly audit   '@inquirer/confirm': [ '5.1.18' ],
15 silly audit   '@inquirer/core': [ '10.2.2' ],
15 silly audit   'ansi-regex': [ '5.0.1', '6.1.0' ],
15 silly audit   'ansi-styles': [ '4.3.0', '6.2.1' ],
15 silly audit   'emoji-regex': [ '8.0.0', '9.2.2' ],
15 silly audit   'string-width': [ '4.2.3', '5.1.2' ],
15 silly audit   'strip-ansi': [ '6.0.1', '7.1.0' ],
15 silly audit   'wrap-ansi': [ '6.2.0', '7.0.0', '8.1.0' ],
15 silly audit   '@inquirer/editor': [ '4.2.20' ],
15 silly audit   '@inquirer/expand': [ '4.0.20' ],
15 silly audit   '@inquirer/external-editor': [ '1.0.2' ],
15 silly audit   'iconv-lite': [ '0.7.0', '0.6.3', '0.4.24' ],
15 silly audit   '@inquirer/figures': [ '1.0.13' ],
15 silly audit   '@inquirer/input': [ '4.2.4' ],
15 silly audit   '@inquirer/number': [ '3.0.20' ],
15 silly audit   '@inquirer/password': [ '4.0.20' ],
15 silly audit   '@inquirer/prompts': [ '7.8.6' ],
15 silly audit   '@inquirer/rawlist': [ '4.1.8' ],
15 silly audit   '@inquirer/search': [ '3.1.3' ],
15 silly audit   '@inquirer/select': [ '4.3.4' ],
15 silly audit   '@inquirer/type': [ '3.0.8' ],
15 silly audit   '@isaacs/cliui': [ '8.0.2' ],
15 silly audit   '@jridgewell/gen-mapping': [ '0.3.8' ],
15 silly audit   '@jridgewell/resolve-uri': [ '3.1.2' ],
15 silly audit   '@jridgewell/set-array': [ '1.2.1' ],
15 silly audit   '@jridgewell/sourcemap-codec': [ '1.5.0' ],
15 silly audit   '@jridgewell/trace-mapping': [ '0.3.25' ],
15 silly audit   '@js-sdsl/ordered-map': [ '4.4.2' ],
15 silly audit   '@modelcontextprotocol/sdk': [ '1.18.2' ],
15 silly audit   accepts: [ '2.0.0', '1.3.8' ],
15 silly audit   ajv: [ '6.12.6', '8.17.1' ],
15 silly audit   'body-parser': [ '2.2.0', '1.20.3' ],
15 silly audit   'content-disposition': [ '1.0.0', '0.5.4' ],
15 silly audit   'cookie-signature': [ '1.2.2', '1.0.6' ],
15 silly audit   debug: [ '4.4.3', '2.6.9', '4.4.0' ],
15 silly audit   express: [ '5.1.0', '4.21.2' ],
15 silly audit   finalhandler: [ '2.1.0', '1.3.1' ],
15 silly audit   fresh: [ '2.0.0', '0.5.2' ],
15 silly audit   'json-schema-traverse': [ '0.4.1', '1.0.0' ],
15 silly audit   'media-typer': [ '1.1.0', '0.3.0' ],
15 silly audit   'merge-descriptors': [ '2.0.0', '1.0.3' ],
15 silly audit   'mime-db': [ '1.54.0', '1.52.0' ],
15 silly audit   'mime-types': [ '3.0.1', '2.1.35' ],
15 silly audit   ms: [ '2.1.3', '2.0.0' ],
15 silly audit   negotiator: [ '1.0.0', '0.6.3' ],
15 silly audit   qs: [ '6.14.0', '6.13.0' ],
15 silly audit   'raw-body': [ '3.0.1', '2.5.2' ],
15 silly audit   send: [ '1.2.0', '0.19.0' ],
15 silly audit   'serve-static': [ '2.2.0', '1.16.2' ],
15 silly audit   'type-is': [ '2.0.1', '1.6.18' ],
15 silly audit   '@next/env': [ '15.3.3' ],
15 silly audit   '@next/swc-darwin-arm64': [ '15.3.3' ],
15 silly audit   '@next/swc-darwin-x64': [ '15.3.3' ],
15 silly audit   '@next/swc-linux-arm64-gnu': [ '15.3.3' ],
15 silly audit   '@next/swc-linux-arm64-musl': [ '15.3.3' ],
15 silly audit   '@next/swc-linux-x64-gnu': [ '15.3.3' ],
15 silly audit   '@next/swc-linux-x64-musl': [ '15.3.3' ],
15 silly audit   '@next/swc-win32-arm64-msvc': [ '15.3.3' ],
15 silly audit   '@next/swc-win32-x64-msvc': [ '15.3.3' ],
15 silly audit   '@nodelib/fs.scandir': [ '2.1.5' ],
15 silly audit   '@nodelib/fs.stat': [ '2.0.5' ],
15 silly audit   '@nodelib/fs.walk': [ '1.2.8' ],
15 silly audit   '@opentelemetry/api': [ '1.9.0' ],
15 silly audit   '@opentelemetry/api-logs': [ '0.52.1' ],
15 silly audit   '@opentelemetry/auto-instrumentations-node': [ '0.49.2' ],
15 silly audit   '@opentelemetry/context-async-hooks': [ '1.25.1' ],
15 silly audit   '@opentelemetry/core': [ '1.25.1', '1.30.1' ],
15 silly audit   '@opentelemetry/semantic-conventions': [ '1.25.1', '1.28.0', '1.37.0' ],
15 silly audit   '@opentelemetry/exporter-jaeger': [ '1.30.1' ],
15 silly audit   '@opentelemetry/resources': [ '1.30.1', '1.25.1' ],
15 silly audit   '@opentelemetry/sdk-trace-base': [ '1.30.1', '1.25.1' ],
15 silly audit   '@opentelemetry/exporter-trace-otlp-grpc': [ '0.52.1' ],
15 silly audit   '@opentelemetry/exporter-trace-otlp-http': [ '0.52.1' ],
15 silly audit   '@opentelemetry/exporter-trace-otlp-proto': [ '0.52.1' ],
15 silly audit   '@opentelemetry/exporter-zipkin': [ '1.25.1' ],
15 silly audit   '@opentelemetry/instrumentation': [ '0.52.1' ],
15 silly audit   '@opentelemetry/instrumentation-amqplib': [ '0.41.0' ],
15 silly audit   '@opentelemetry/instrumentation-aws-lambda': [ '0.43.0' ],
15 silly audit   '@opentelemetry/instrumentation-aws-sdk': [ '0.43.1' ],
15 silly audit   '@opentelemetry/instrumentation-bunyan': [ '0.40.0' ],
15 silly audit   '@opentelemetry/instrumentation-cassandra-driver': [ '0.40.0' ],
15 silly audit   '@opentelemetry/instrumentation-connect': [ '0.38.0' ],
15 silly audit   '@opentelemetry/instrumentation-cucumber': [ '0.8.0' ],
15 silly audit   '@opentelemetry/instrumentation-dataloader': [ '0.11.0' ],
15 silly audit   '@opentelemetry/instrumentation-dns': [ '0.38.0' ],
15 silly audit   '@opentelemetry/instrumentation-express': [ '0.41.1' ],
15 silly audit   '@opentelemetry/instrumentation-fastify': [ '0.38.0' ],
15 silly audit   '@opentelemetry/instrumentation-fs': [ '0.14.0' ],
15 silly audit   '@opentelemetry/instrumentation-generic-pool': [ '0.38.1' ],
15 silly audit   '@opentelemetry/instrumentation-graphql': [ '0.42.0' ],
15 silly audit   '@opentelemetry/instrumentation-grpc': [ '0.52.1' ],
15 silly audit   '@opentelemetry/instrumentation-hapi': [ '0.40.0' ],
15 silly audit   '@opentelemetry/instrumentation-http': [ '0.52.1' ],
15 silly audit   '@opentelemetry/instrumentation-ioredis': [ '0.42.0' ],
15 silly audit   '@opentelemetry/instrumentation-kafkajs': [ '0.2.0' ],
15 silly audit   '@opentelemetry/instrumentation-knex': [ '0.39.0' ],
15 silly audit   '@opentelemetry/instrumentation-koa': [ '0.42.0' ],
15 silly audit   '@opentelemetry/instrumentation-lru-memoizer': [ '0.39.0' ],
15 silly audit   '@opentelemetry/instrumentation-memcached': [ '0.38.0' ],
15 silly audit   '@opentelemetry/instrumentation-mongodb': [ '0.46.0' ],
15 silly audit   '@opentelemetry/instrumentation-mongoose': [ '0.41.0' ],
15 silly audit   '@opentelemetry/instrumentation-mysql': [ '0.40.0' ],
15 silly audit   '@opentelemetry/instrumentation-mysql2': [ '0.40.0' ],
15 silly audit   '@opentelemetry/instrumentation-nestjs-core': [ '0.39.0' ],
15 silly audit   '@opentelemetry/instrumentation-net': [ '0.38.0' ],
15 silly audit   '@opentelemetry/instrumentation-pg': [ '0.43.0' ],
15 silly audit   '@opentelemetry/instrumentation-pino': [ '0.41.0' ],
15 silly audit   '@opentelemetry/instrumentation-redis': [ '0.41.0' ],
15 silly audit   '@opentelemetry/instrumentation-redis-4': [ '0.41.1' ],
15 silly audit   '@opentelemetry/instrumentation-restify': [ '0.40.0' ],
15 silly audit   '@opentelemetry/instrumentation-router': [ '0.39.0' ],
15 silly audit   '@opentelemetry/instrumentation-socket.io': [ '0.41.0' ],
15 silly audit   '@opentelemetry/instrumentation-tedious': [ '0.13.0' ],
15 silly audit   '@opentelemetry/instrumentation-undici': [ '0.5.0' ],
15 silly audit   '@opentelemetry/instrumentation-winston': [ '0.39.0' ],
15 silly audit   '@opentelemetry/otlp-exporter-base': [ '0.52.1' ],
15 silly audit   '@opentelemetry/otlp-grpc-exporter-base': [ '0.52.1' ],
15 silly audit   '@opentelemetry/otlp-transformer': [ '0.52.1' ],
15 silly audit   '@opentelemetry/propagation-utils': [ '0.30.16' ],
15 silly audit   '@opentelemetry/propagator-aws-xray': [ '1.26.2' ],
15 silly audit   '@opentelemetry/propagator-b3': [ '1.25.1' ],
15 silly audit   '@opentelemetry/propagator-jaeger': [ '1.25.1' ],
15 silly audit   '@opentelemetry/redis-common': [ '0.36.2' ],
15 silly audit   '@opentelemetry/resource-detector-alibaba-cloud': [ '0.29.7' ],
15 silly audit   '@opentelemetry/resource-detector-aws': [ '1.12.0' ],
15 silly audit   '@opentelemetry/resource-detector-azure': [ '0.2.12' ],
15 silly audit   '@opentelemetry/resource-detector-container': [ '0.4.4' ],
15 silly audit   '@opentelemetry/resource-detector-gcp': [ '0.29.13' ],
15 silly audit   '@opentelemetry/sdk-logs': [ '0.52.1' ],
15 silly audit   '@opentelemetry/sdk-metrics': [ '1.25.1' ],
15 silly audit   '@opentelemetry/sdk-node': [ '0.52.1' ],
15 silly audit   '@opentelemetry/sdk-trace-node': [ '1.25.1' ],
15 silly audit   '@opentelemetry/sql-common': [ '0.40.1' ],
15 silly audit   '@pkgjs/parseargs': [ '0.11.0' ],
15 silly audit   '@protobufjs/aspromise': [ '1.1.2' ],
15 silly audit   '@protobufjs/base64': [ '1.1.2' ],
15 silly audit   '@protobufjs/codegen': [ '2.0.4' ],
15 silly audit   '@protobufjs/eventemitter': [ '1.1.0' ],
15 silly audit   '@protobufjs/fetch': [ '1.1.0' ],
15 silly audit   '@protobufjs/float': [ '1.0.2' ],
15 silly audit   '@protobufjs/inquire': [ '1.1.0' ],
15 silly audit   '@protobufjs/path': [ '1.1.2' ],
15 silly audit   '@protobufjs/pool': [ '1.1.0' ],
15 silly audit   '@protobufjs/utf8': [ '1.1.0' ],
15 silly audit   '@radix-ui/number': [ '1.1.0' ],
15 silly audit   '@radix-ui/primitive': [ '1.1.1', '1.1.2' ],
15 silly audit   '@radix-ui/react-accordion': [ '1.2.3' ],
15 silly audit   '@radix-ui/react-collapsible': [ '1.1.3', '1.1.11' ],
15 silly audit   '@radix-ui/react-alert-dialog': [ '1.1.6' ],
15 silly audit   '@radix-ui/react-slot': [ '1.1.2', '1.2.3' ],
15 silly audit   '@radix-ui/react-arrow': [ '1.1.2' ],
15 silly audit   '@radix-ui/react-avatar': [ '1.1.3' ],
15 silly audit   '@radix-ui/react-checkbox': [ '1.1.4' ],
15 silly audit   '@radix-ui/react-compose-refs': [ '1.1.2', '1.1.1' ],
15 silly audit   '@radix-ui/react-context': [ '1.1.2', '1.1.1' ],
15 silly audit   '@radix-ui/react-id': [ '1.1.1', '1.1.0' ],
15 silly audit   '@radix-ui/react-presence': [ '1.1.4', '1.1.2' ],
15 silly audit   '@radix-ui/react-primitive': [ '2.1.3', '2.0.2' ],
15 silly audit   '@radix-ui/react-use-controllable-state': [ '1.2.2', '1.1.0' ],
15 silly audit   '@radix-ui/react-use-layout-effect': [ '1.1.1', '1.1.0' ],
15 silly audit   '@radix-ui/react-collection': [ '1.1.2' ],
15 silly audit   '@radix-ui/react-dialog': [ '1.1.6' ],
15 silly audit   '@radix-ui/react-direction': [ '1.1.0' ],
15 silly audit   '@radix-ui/react-dismissable-layer': [ '1.1.5' ],
15 silly audit   '@radix-ui/react-dropdown-menu': [ '2.1.6' ],
15 silly audit   '@radix-ui/react-focus-guards': [ '1.1.1' ],
15 silly audit   '@radix-ui/react-focus-scope': [ '1.1.2' ],
15 silly audit   '@radix-ui/react-label': [ '2.1.2' ],
15 silly audit   '@radix-ui/react-menu': [ '2.1.6' ],
15 silly audit   '@radix-ui/react-menubar': [ '1.1.6' ],
15 silly audit   '@radix-ui/react-popover': [ '1.1.6' ],
15 silly audit   '@radix-ui/react-popper': [ '1.2.2' ],
15 silly audit   '@radix-ui/react-portal': [ '1.1.4' ],
15 silly audit   '@radix-ui/react-progress': [ '1.1.2' ],
15 silly audit   '@radix-ui/react-radio-group': [ '1.2.3' ],
15 silly audit   '@radix-ui/react-roving-focus': [ '1.1.2' ],
15 silly audit   '@radix-ui/react-scroll-area': [ '1.2.3' ],
15 silly audit   '@radix-ui/react-select': [ '2.1.6' ],
15 silly audit   '@radix-ui/react-separator': [ '1.1.2' ],
15 silly audit   '@radix-ui/react-slider': [ '1.2.3' ],
15 silly audit   '@radix-ui/react-switch': [ '1.1.3' ],
15 silly audit   '@radix-ui/react-tabs': [ '1.1.3' ],
15 silly audit   '@radix-ui/react-toast': [ '1.2.6' ],
15 silly audit   '@radix-ui/react-tooltip': [ '1.1.8' ],
15 silly audit   '@radix-ui/react-use-callback-ref': [ '1.1.0' ],
15 silly audit   '@radix-ui/react-use-effect-event': [ '0.0.2' ],
15 silly audit   '@radix-ui/react-use-escape-keydown': [ '1.1.0' ],
15 silly audit   '@radix-ui/react-use-previous': [ '1.1.0' ],
15 silly audit   '@radix-ui/react-use-rect': [ '1.1.0' ],
15 silly audit   '@radix-ui/react-use-size': [ '1.1.0' ],
15 silly audit   '@radix-ui/react-visually-hidden': [ '1.1.2' ],
15 silly audit   '@radix-ui/rect': [ '1.1.0' ],
15 silly audit   '@standard-schema/utils': [ '0.3.0' ],
15 silly audit   '@swc/counter': [ '0.1.3' ],
15 silly audit   '@swc/helpers': [ '0.5.15' ],
15 silly audit   '@tootallnate/once': [ '2.0.0' ],
15 silly audit   '@trpc/server': [ '10.45.2' ],
15 silly audit   '@types/aws-lambda': [ '8.10.122' ],
15 silly audit   '@types/body-parser': [ '1.19.6' ],
15 silly audit   '@types/bunyan': [ '1.8.9' ],
15 silly audit   '@types/caseless': [ '0.12.5' ],
15 silly audit   '@types/connect': [ '3.4.36' ],
15 silly audit   '@types/d3-array': [ '3.2.1' ],
15 silly audit   '@types/d3-color': [ '3.1.3' ],
15 silly audit   '@types/d3-ease': [ '3.0.2' ],
15 silly audit   '@types/d3-interpolate': [ '3.0.4' ],
15 silly audit   '@types/d3-path': [ '3.1.1' ],
15 silly audit   '@types/d3-scale': [ '4.0.9' ],
15 silly audit   '@types/d3-shape': [ '3.1.7' ],
15 silly audit   '@types/d3-time': [ '3.0.4' ],
15 silly audit   '@types/d3-timer': [ '3.0.2' ],
15 silly audit   '@types/express': [ '4.17.23' ],
15 silly audit   '@types/express-serve-static-core': [ '4.19.6' ],
15 silly audit   '@types/http-errors': [ '2.0.5' ],
15 silly audit   '@types/json-schema': [ '7.0.15' ],
15 silly audit   '@types/jsonwebtoken': [ '9.0.10' ],
15 silly audit   '@types/long': [ '4.0.2' ],
15 silly audit   '@types/memcached': [ '2.2.10' ],
15 silly audit   '@types/mime': [ '1.3.5' ],
15 silly audit   '@types/ms': [ '2.1.0' ],
15 silly audit   '@types/mysql': [ '2.15.22' ],
15 silly audit   '@types/node': [ '20.17.17', '22.18.6' ],
15 silly audit   '@types/pg': [ '8.6.1' ],
15 silly audit   '@types/pg-pool': [ '2.0.4' ],
15 silly audit   '@types/prop-types': [ '15.7.14' ],
15 silly audit   '@types/qs': [ '6.14.0' ],
15 silly audit   '@types/range-parser': [ '1.2.7' ],
15 silly audit   '@types/react': [ '18.3.18' ],
15 silly audit   '@types/react-dom': [ '18.3.5' ],
15 silly audit   '@types/request': [ '2.48.13' ],
15 silly audit   'form-data': [ '2.5.5', '4.0.4' ],
15 silly audit   '@types/send': [ '0.17.5' ],
15 silly audit   '@types/serve-static': [ '1.15.8' ],
15 silly audit   '@types/shimmer': [ '1.2.0' ],
15 silly audit   '@types/tedious': [ '4.0.14' ],
15 silly audit   '@types/tough-cookie': [ '4.0.5' ],
15 silly audit   '@types/triple-beam': [ '1.3.5' ],
15 silly audit   '@types/yauzl': [ '2.10.3' ],
15 silly audit   '@yarnpkg/lockfile': [ '1.1.0' ],
15 silly audit   'abort-controller': [ '3.0.0' ],
15 silly audit   acorn: [ '8.15.0' ],
15 silly audit   'acorn-import-attributes': [ '1.9.5' ],
15 silly audit   'adm-zip': [ '0.5.16' ],
15 silly audit   'agent-base': [ '7.1.3', '6.0.2' ],
15 silly audit   'ajv-formats': [ '3.0.1' ],
15 silly audit   'ansi-color': [ '0.2.1' ],
15 silly audit   'any-promise': [ '1.3.0' ],
15 silly audit   anymatch: [ '3.1.3' ],
15 silly audit   arg: [ '5.0.2' ],
15 silly audit   argparse: [ '2.0.1' ],
15 silly audit   'aria-hidden': [ '1.2.4' ],
15 silly audit   'array-flatten': [ '1.1.1' ],
15 silly audit   arrify: [ '2.0.1' ],
15 silly audit   async: [ '3.2.6' ],
15 silly audit   'async-mutex': [ '0.5.0' ],
15 silly audit   'async-retry': [ '1.3.3' ],
15 silly audit   asynckit: [ '0.4.0' ],
15 silly audit   'at-least-node': [ '1.0.0' ],
15 silly audit   axios: [ '1.12.2' ],
15 silly audit   'balanced-match': [ '1.0.2' ],
15 silly audit   'base64-js': [ '1.5.1' ],
15 silly audit   'bignumber.js': [ '9.1.2' ],
15 silly audit   'binary-extensions': [ '2.3.0' ],
15 silly audit   bl: [ '4.1.0' ],
15 silly audit   'brace-expansion': [ '2.0.1', '1.1.11' ],
15 silly audit   braces: [ '3.0.3' ],
15 silly audit   buffer: [ '5.7.1' ],
15 silly audit   'buffer-crc32': [ '0.2.13' ],
15 silly audit   'buffer-equal-constant-time': [ '1.0.1' ],
15 silly audit   bufrw: [ '1.4.0' ],
15 silly audit   busboy: [ '1.6.0' ],
15 silly audit   bytes: [ '3.1.2' ],
15 silly audit   'call-bind': [ '1.0.8' ],
15 silly audit   'call-bind-apply-helpers': [ '1.0.1' ],
15 silly audit   'call-bound': [ '1.0.3' ],
15 silly audit   'camelcase-css': [ '2.0.1' ],
15 silly audit   'caniuse-lite': [ '1.0.30001699' ],
15 silly audit   chalk: [ '4.1.2' ],
15 silly audit   chardet: [ '2.1.0' ],
15 silly audit   chokidar: [ '3.6.0' ],
15 silly audit   'glob-parent': [ '5.1.2', '6.0.2' ],
15 silly audit   'ci-info': [ '3.9.0' ],
15 silly audit   'cjs-module-lexer': [ '1.4.3' ],
15 silly audit   'class-variance-authority': [ '0.7.1' ],
15 silly audit   'cli-cursor': [ '3.1.0' ],
15 silly audit   'cli-spinners': [ '2.9.2' ],
15 silly audit   'cli-width': [ '4.1.0' ],
15 silly audit   'client-only': [ '0.0.1' ],
15 silly audit   cliui: [ '8.0.1' ],
15 silly audit   clone: [ '1.0.4' ],
15 silly audit   clsx: [ '2.1.1' ],
15 silly audit   color: [ '4.2.3', '3.2.1' ],
15 silly audit   'color-convert': [ '2.0.1', '1.9.3' ],
15 silly audit   'color-name': [ '1.1.4', '1.1.3' ],
15 silly audit   'color-string': [ '1.9.1' ],
15 silly audit   colorette: [ '2.0.20' ],
15 silly audit   colorspace: [ '1.1.4' ],
15 silly audit   'combined-stream': [ '1.0.8' ],
15 silly audit   'concat-map': [ '0.0.1' ],
15 silly audit   configstore: [ '5.0.1' ],
15 silly audit   'dot-prop': [ '5.3.0', '6.0.1' ],
15 silly audit   'content-type': [ '1.0.5' ],
15 silly audit   cookie: [ '0.7.1' ],
15 silly audit   cors: [ '2.8.5' ],
15 silly audit   'cross-env': [ '10.1.0' ],
15 silly audit   'cross-spawn': [ '7.0.6' ],
15 silly audit   'crypto-random-string': [ '2.0.0' ],
15 silly audit   cssesc: [ '3.0.0' ],
15 silly audit   csstype: [ '3.1.3' ],
15 silly audit   'd3-array': [ '3.2.4' ],
15 silly audit   'd3-color': [ '3.1.0' ],
15 silly audit   'd3-ease': [ '3.0.1' ],
15 silly audit   'd3-format': [ '3.1.0' ],
15 silly audit   'd3-interpolate': [ '3.0.1' ],
15 silly audit   'd3-path': [ '3.1.0' ],
15 silly audit   'd3-scale': [ '4.0.2' ],
15 silly audit   'd3-shape': [ '3.2.0' ],
15 silly audit   'd3-time': [ '3.1.0' ],
15 silly audit   'd3-time-format': [ '4.1.0' ],
15 silly audit   'd3-timer': [ '3.0.1' ],
15 silly audit   'data-uri-to-buffer': [ '4.0.1' ],
15 silly audit   'date-fns': [ '3.6.0' ],
15 silly audit   'decimal.js-light': [ '2.5.1' ],
15 silly audit   deeks: [ '3.1.0' ],
15 silly audit   defaults: [ '1.0.4' ],
15 silly audit   'define-data-property': [ '1.1.4' ],
15 silly audit   'delayed-stream': [ '1.0.0' ],
15 silly audit   depd: [ '2.0.0' ],
15 silly audit   destroy: [ '1.2.0' ],
15 silly audit   'detect-libc': [ '2.0.4' ],
15 silly audit   'detect-node-es': [ '1.1.0' ],
15 silly audit   didyoumean: [ '1.2.2' ],
15 silly audit   dlv: [ '1.1.3' ],
15 silly audit   'doc-path': [ '4.1.1' ],
15 silly audit   'dom-helpers': [ '5.2.1' ],
15 silly audit   dotenv: [ '16.5.0' ],
15 silly audit   dotprompt: [ '1.1.2' ],
15 silly audit   'dunder-proto': [ '1.0.1' ],
15 silly audit   duplexer: [ '0.1.2' ],
15 silly audit   duplexify: [ '4.1.3' ],
15 silly audit   eastasianwidth: [ '0.2.0' ],
15 silly audit   'ecdsa-sig-formatter': [ '1.0.11' ],
15 silly audit   'ee-first': [ '1.1.1' ],
15 silly audit   'embla-carousel': [ '8.6.0' ],
15 silly audit   'embla-carousel-react': [ '8.6.0' ],
15 silly audit   'embla-carousel-reactive-utils': [ '8.6.0' ],
15 silly audit   enabled: [ '2.0.0' ],
15 silly audit   encodeurl: [ '2.0.0', '1.0.2' ],
15 silly audit   'end-of-stream': [ '1.4.4' ],
15 silly audit   error: [ '7.0.2' ],
15 silly audit   'es-define-property': [ '1.0.1' ],
15 silly audit   'es-errors': [ '1.3.0' ],
15 silly audit   'es-object-atoms': [ '1.1.1' ],
15 silly audit   'es-set-tostringtag': [ '2.1.0' ],
15 silly audit   esbuild: [ '0.25.10' ],
15 silly audit   escalade: [ '3.2.0' ],
15 silly audit   'escape-html': [ '1.0.3' ],
15 silly audit   etag: [ '1.8.1' ],
15 silly audit   'event-stream': [ '3.3.4' ],
15 silly audit   'event-target-shim': [ '5.0.1' ],
15 silly audit   eventemitter3: [ '4.0.7' ],
15 silly audit   eventid: [ '2.0.1' ],
15 silly audit   eventsource: [ '3.0.7' ],
15 silly audit   'eventsource-parser': [ '3.0.6' ],
15 silly audit   'express-rate-limit': [ '7.5.1' ],
15 silly audit   extend: [ '3.0.2' ],
15 silly audit   'extract-zip': [ '2.0.1' ],
15 silly audit   'farmhash-modern': [ '1.1.0' ],
15 silly audit   'fast-deep-equal': [ '3.1.3' ],
15 silly audit   'fast-equals': [ '5.2.2' ],
15 silly audit   'fast-glob': [ '3.3.3' ],
15 silly audit   'fast-json-stable-stringify': [ '2.1.0' ],
15 silly audit   'fast-uri': [ '3.1.0' ],
15 silly audit   'fast-xml-parser': [ '4.5.3' ],
15 silly audit   fastq: [ '1.19.0' ],
15 silly audit   'faye-websocket': [ '0.11.4' ],
15 silly audit   'fd-slicer': [ '1.1.0' ],
15 silly audit   fecha: [ '4.2.3' ],
15 silly audit   'fetch-blob': [ '3.2.0' ],
15 silly audit   'fill-range': [ '7.1.1' ],
15 silly audit   'find-yarn-workspace-root': [ '2.0.0' ],
15 silly audit   firebase: [ '11.9.1' ],
15 silly audit   'firebase-admin': [ '13.5.0' ],
15 silly audit   'undici-types': [ '6.21.0', '6.19.8' ],
15 silly audit   'fn.name': [ '1.1.0' ],
15 silly audit   'follow-redirects': [ '1.15.11' ],
15 silly audit   'foreground-child': [ '3.3.0' ],
15 silly audit   'formdata-polyfill': [ '4.0.10' ],
15 silly audit   forwarded: [ '0.2.0' ],
15 silly audit   'framer-motion': [ '11.18.2' ],
15 silly audit   from: [ '0.1.7' ],
15 silly audit   'fs-extra': [ '9.1.0' ],
15 silly audit   'fs.realpath': [ '1.0.0' ],
15 silly audit   fsevents: [ '2.3.3' ],
15 silly audit   'function-bind': [ '1.1.2' ],
15 silly audit   'functional-red-black-tree': [ '1.0.1' ],
15 silly audit   gaxios: [ '6.7.1' ],
15 silly audit   'node-fetch': [ '2.7.0', '3.3.2' ],
15 silly audit   'gcp-metadata': [ '6.1.1' ],
15 silly audit   genkit: [ '1.20.0' ],
15 silly audit   'genkit-cli': [ '1.20.0' ],
15 silly audit   'get-caller-file': [ '2.0.5' ],
15 silly audit   'get-intrinsic': [ '1.2.7' ],
15 silly audit   'get-nonce': [ '1.0.1' ],
15 silly audit   'get-port': [ '5.1.1' ],
15 silly audit   'get-proto': [ '1.0.1' ],
15 silly audit   'get-stream': [ '5.2.0' ],
15 silly audit   'get-tsconfig': [ '4.10.1' ],
15 silly audit   glob: [ '10.4.5', '7.2.3' ],
15 silly audit   'google-auth-library': [ '9.15.1' ],
15 silly audit   'google-gax': [ '4.6.1' ],
15 silly audit   'google-logging-utils': [ '0.0.2' ],
15 silly audit   googleapis: [ '137.1.0' ],
15 silly audit   'googleapis-common': [ '7.2.0' ],
15 silly audit   gopd: [ '1.2.0' ],
15 silly audit   'graceful-fs': [ '4.2.11' ],
15 silly audit   gtoken: [ '7.1.0' ],
15 silly audit   handlebars: [ '4.7.8' ],
15 silly audit   'has-flag': [ '4.0.0' ],
15 silly audit   'has-property-descriptors': [ '1.0.2' ],
15 silly audit   'has-symbols': [ '1.1.0' ],
15 silly audit   'has-tostringtag': [ '1.0.2' ],
15 silly audit   hasown: [ '2.0.2' ],
15 silly audit   hexer: [ '1.5.0' ],
15 silly audit   'html-entities': [ '2.6.0' ],
15 silly audit   'http-errors': [ '2.0.0' ],
15 silly audit   'http-parser-js': [ '0.5.10' ],
15 silly audit   'http-proxy-agent': [ '5.0.0' ],
15 silly audit   'https-proxy-agent': [ '7.0.6', '5.0.1' ],
15 silly audit   idb: [ '7.1.1' ],
15 silly audit   ieee754: [ '1.2.1' ],
15 silly audit   'import-in-the-middle': [ '1.14.4' ],
15 silly audit   imurmurhash: [ '0.1.4' ],
15 silly audit   inflight: [ '1.0.6' ],
15 silly audit   inherits: [ '2.0.4' ],
15 silly audit   internmap: [ '2.0.3' ],
15 silly audit   'ipaddr.js': [ '1.9.1' ],
15 silly audit   'is-arrayish': [ '0.3.2' ],
15 silly audit   'is-binary-path': [ '2.1.0' ],
15 silly audit   'is-core-module': [ '2.16.1' ],
15 silly audit   'is-docker': [ '2.2.1' ],
15 silly audit   'is-extglob': [ '2.1.1' ],
15 silly audit   'is-fullwidth-code-point': [ '3.0.0' ],
15 silly audit   'is-glob': [ '4.0.3' ],
15 silly audit   'is-interactive': [ '1.0.0' ],
15 silly audit   'is-number': [ '7.0.0' ],
15 silly audit   'is-obj': [ '2.0.0' ],
15 silly audit   'is-promise': [ '4.0.0' ],
15 silly audit   'is-stream': [ '2.0.1' ],
15 silly audit   'is-typedarray': [ '1.0.0' ],
15 silly audit   'is-unicode-supported': [ '0.1.0' ],
15 silly audit   'is-wsl': [ '1.1.0', '2.2.0' ],
15 silly audit   isarray: [ '2.0.5' ],
15 silly audit   isexe: [ '2.0.0' ],
15 silly audit   jackspeak: [ '3.4.3' ],
15 silly audit   'jaeger-client': [ '3.19.0' ],
15 silly audit   jiti: [ '1.21.7' ],
15 silly audit   jose: [ '4.15.9' ],
15 silly audit   'js-tokens': [ '4.0.0' ],
15 silly audit   'js-yaml': [ '4.1.0' ],
15 silly audit   'json-2-csv': [ '5.5.9' ],
15 silly audit   'json-bigint': [ '1.0.0' ],
15 silly audit   'json-schema': [ '0.4.0' ],
15 silly audit   'json-stable-stringify': [ '1.2.1' ],
15 silly audit   json5: [ '2.2.3' ],
15 silly audit   jsonfile: [ '6.1.0' ],
15 silly audit   jsonify: [ '0.0.1' ],
15 silly audit   jsonwebtoken: [ '9.0.2' ],
15 silly audit   jwa: [ '1.4.2', '2.0.0' ],
15 silly audit   jws: [ '3.2.2', '4.0.0' ],
15 silly audit   'jwks-rsa': [ '3.2.0' ],
15 silly audit   'klaw-sync': [ '6.0.0' ],
15 silly audit   kuler: [ '2.0.0' ],
15 silly audit   lilconfig: [ '3.1.3' ],
15 silly audit   limiter: [ '1.1.5' ],
15 silly audit   'lines-and-columns': [ '1.2.4' ],
15 silly audit   lockfile: [ '1.0.4' ],
15 silly audit   'signal-exit': [ '3.0.7', '4.1.0' ],
15 silly audit   lodash: [ '4.17.21' ],
15 silly audit   'lodash.camelcase': [ '4.3.0' ],
15 silly audit   'lodash.clonedeep': [ '4.5.0' ],
15 silly audit   'lodash.includes': [ '4.3.0' ],
15 silly audit   'lodash.isboolean': [ '3.0.3' ],
15 silly audit   'lodash.isinteger': [ '4.0.4' ],
15 silly audit   'lodash.isnumber': [ '3.0.3' ],
15 silly audit   'lodash.isplainobject': [ '4.0.6' ],
15 silly audit   'lodash.isstring': [ '4.0.1' ],
15 silly audit   'lodash.mapvalues': [ '4.6.0' ],
15 silly audit   'lodash.merge': [ '4.6.2' ],
15 silly audit   'lodash.once': [ '4.1.1' ],
15 silly audit   'log-symbols': [ '4.1.0' ],
15 silly audit   logform: [ '2.7.0' ],
15 silly audit   long: [ '5.3.0', '2.4.0' ],
15 silly audit   'loose-envify': [ '1.4.0' ],
15 silly audit   'lru-cache': [ '10.4.3', '6.0.0' ],
15 silly audit   'lru-memoizer': [ '2.3.0' ],
15 silly audit   'lucide-react': [ '0.475.0' ],
15 silly audit   'make-dir': [ '3.1.0' ],
15 silly audit   semver: [ '6.3.1', '7.7.2' ],
15 silly audit   'map-stream': [ '0.1.0' ],
15 silly audit   'math-intrinsics': [ '1.1.0' ],
15 silly audit   merge2: [ '1.4.1' ],
15 silly audit   methods: [ '1.1.2' ],
15 silly audit   micromatch: [ '4.0.8' ],
15 silly audit   mime: [ '3.0.0', '1.6.0' ],
15 silly audit   'mimic-fn': [ '2.1.0' ],
15 silly audit   minimatch: [ '9.0.5', '3.1.2' ],
15 silly audit   minimist: [ '1.2.8' ],
15 silly audit   minipass: [ '7.1.2' ],
15 silly audit   'module-details-from-path': [ '1.0.4' ],
15 silly audit   'motion-dom': [ '11.18.1' ],
15 silly audit   'motion-utils': [ '11.18.1' ],
15 silly audit   'mute-stream': [ '2.0.0' ],
15 silly audit   mz: [ '2.7.0' ],
15 silly audit   nanoid: [ '3.3.8' ],
15 silly audit   'neo-async': [ '2.6.2' ],
15 silly audit   next: [ '15.3.3' ],
15 silly audit   'next-themes': [ '0.3.0' ],
15 silly audit   postcss: [ '8.4.31', '8.5.2' ],
15 silly audit   'node-domexception': [ '1.0.0' ],
15 silly audit   'node-forge': [ '1.3.1' ],
15 silly audit   'node-int64': [ '0.4.0' ],
15 silly audit   'normalize-path': [ '3.0.0' ],
15 silly audit   'object-assign': [ '4.1.1' ],
15 silly audit   'object-hash': [ '3.0.0' ],
15 silly audit   'object-inspect': [ '1.13.4' ],
15 silly audit   'object-keys': [ '1.1.1' ],
15 silly audit   'on-finished': [ '2.4.1' ],
15 silly audit   once: [ '1.4.0' ],
15 silly audit   'one-time': [ '1.0.0' ],
15 silly audit   onetime: [ '5.1.2' ],
15 silly audit   open: [ '6.4.0', '7.4.2' ],
15 silly audit   'openapi3-ts': [ '4.5.0' ],
15 silly audit   opentracing: [ '0.14.7' ],
15 silly audit   ora: [ '5.4.1' ],
15 silly audit   'os-tmpdir': [ '1.0.2' ],
15 silly audit   'p-limit': [ '3.1.0' ],
15 silly audit   'package-json-from-dist': [ '1.0.1' ],
15 silly audit   parseurl: [ '1.3.3' ],
15 silly audit   'partial-json': [ '0.1.7' ],
15 silly audit   'patch-package': [ '8.0.0' ],
15 silly audit   'path-is-absolute': [ '1.0.1' ],
15 silly audit   'path-key': [ '3.1.1' ],
15 silly audit   'path-parse': [ '1.0.7' ],
15 silly audit   'path-scurry': [ '1.11.1' ],
15 silly audit   'path-to-regexp': [ '0.1.12', '8.3.0' ],
15 silly audit   'pause-stream': [ '0.0.11' ],
15 silly audit   pend: [ '1.2.0' ],
15 silly audit   'pg-int8': [ '1.0.1' ],
15 silly audit   'pg-protocol': [ '1.10.3' ],
15 silly audit   'pg-types': [ '2.2.0' ],
15 silly audit   picocolors: [ '1.1.1' ],
15 silly audit   picomatch: [ '2.3.1' ],
15 silly audit   pify: [ '2.3.0' ],
15 silly audit   pirates: [ '4.0.6' ],
15 silly audit   'pkce-challenge': [ '5.0.0' ],
15 silly audit   'postcss-import': [ '15.1.0' ],
15 silly audit   'postcss-js': [ '4.0.1' ],
15 silly audit   'postcss-load-config': [ '4.0.2' ],
15 silly audit   'postcss-nested': [ '6.2.0' ],
15 silly audit   'postcss-selector-parser': [ '6.1.2' ],
15 silly audit   'postcss-value-parser': [ '4.2.0' ],
15 silly audit   'postgres-array': [ '2.0.0' ],
15 silly audit   'postgres-bytea': [ '1.0.0' ],
15 silly audit   'postgres-date': [ '1.0.7' ],
15 silly audit   'postgres-interval': [ '1.2.0' ],
15 silly audit   process: [ '0.10.1' ],
15 silly audit   'prop-types': [ '15.8.1' ],
15 silly audit   'react-is': [ '16.13.1', '18.3.1' ],
15 silly audit   'proto3-json-serializer': [ '2.0.2' ],
15 silly audit   protobufjs: [ '7.5.4' ],
15 silly audit   'proxy-addr': [ '2.0.7' ],
15 silly audit   'proxy-from-env': [ '1.1.0' ],
15 silly audit   'ps-tree': [ '1.2.0' ],
15 silly audit   pump: [ '3.0.2' ],
15 silly audit   pumpify: [ '2.0.1' ],
15 silly audit   punycode: [ '2.3.1' ],
15 silly audit   'queue-microtask': [ '1.2.3' ],
15 silly audit   'range-parser': [ '1.2.1' ],
15 silly audit   react: [ '18.3.1' ],
15 silly audit   'react-day-picker': [ '8.10.1' ],
15 silly audit   'react-dom': [ '18.3.1' ],
15 silly audit   'react-hook-form': [ '7.54.2' ],
15 silly audit   'react-remove-scroll': [ '2.6.3' ],
15 silly audit   'react-remove-scroll-bar': [ '2.3.8' ],
15 silly audit   'react-smooth': [ '4.0.4' ],
15 silly audit   'react-style-singleton': [ '2.2.3' ],
15 silly audit   'react-transition-group': [ '4.4.5' ],
15 silly audit   'read-cache': [ '1.0.0' ],
15 silly audit   'readable-stream': [ '3.6.2' ],
15 silly audit   readdirp: [ '3.6.0' ],
15 silly audit   recharts: [ '2.15.1' ],
15 silly audit   'recharts-scale': [ '0.4.5' ],
15 silly audit   'regenerator-runtime': [ '0.14.1' ],
15 silly audit   'require-directory': [ '2.1.1' ],
15 silly audit   'require-from-string': [ '2.0.2' ],
15 silly audit   'require-in-the-middle': [ '7.5.2' ],
15 silly audit   resolve: [ '1.22.10' ],
15 silly audit   'resolve-pkg-maps': [ '1.0.0' ],
15 silly audit   'restore-cursor': [ '3.1.0' ],
15 silly audit   retry: [ '0.13.1' ],
15 silly audit   'retry-request': [ '7.0.2' ],
15 silly audit   reusify: [ '1.0.4' ],
15 silly audit   rimraf: [ '2.7.1' ],
15 silly audit   router: [ '2.2.0' ],
15 silly audit   'run-parallel': [ '1.2.0' ],
15 silly audit   'safe-buffer': [ '5.2.1' ],
15 silly audit   'safe-stable-stringify': [ '2.5.0' ],
15 silly audit   'safer-buffer': [ '2.1.2' ],
15 silly audit   scheduler: [ '0.23.2' ],
15 silly audit   'set-function-length': [ '1.2.2' ],
15 silly audit   setprototypeof: [ '1.2.0' ],
15 silly audit   sharp: [ '0.34.2' ],
15 silly audit   'shebang-command': [ '2.0.0' ],
15 silly audit   'shebang-regex': [ '3.0.0' ],
15 silly audit   shimmer: [ '1.2.1' ],
15 silly audit   'side-channel': [ '1.1.0' ],
15 silly audit   'side-channel-list': [ '1.0.0' ],
15 silly audit   'side-channel-map': [ '1.0.1' ],
15 silly audit   'side-channel-weakmap': [ '1.0.2' ],
15 silly audit   'simple-swizzle': [ '0.2.2' ],
15 silly audit   slash: [ '2.0.0' ],
15 silly audit   'source-map': [ '0.6.1' ],
15 silly audit   'source-map-js': [ '1.2.1' ],
15 silly audit   split: [ '0.3.3' ],
15 silly audit   'stack-trace': [ '0.0.10' ],
15 silly audit   statuses: [ '2.0.1' ],
15 silly audit   'stream-combiner': [ '0.0.4' ],
15 silly audit   'stream-events': [ '1.0.5' ],
15 silly audit   'stream-shift': [ '1.0.3' ],
15 silly audit   streamsearch: [ '1.1.0' ],
15 silly audit   string_decoder: [ '1.3.0' ],
15 silly audit   'string-template': [ '0.2.1' ],
15 silly audit   strnum: [ '1.1.2' ],
15 silly audit   stubs: [ '3.0.0' ],
15 silly audit   'styled-jsx': [ '5.1.6' ],
15 silly audit   sucrase: [ '3.35.0' ],
15 silly audit   'supports-color': [ '7.2.0' ],
15 silly audit   'supports-preserve-symlinks-flag': [ '1.0.0' ],
15 silly audit   'tailwind-merge': [ '3.0.1' ],
15 silly audit   tailwindcss: [ '3.4.17' ],
15 silly audit   'tailwindcss-animate': [ '1.0.7' ],
15 silly audit   'teeny-request': [ '9.0.0' ],
15 silly audit   terminate: [ '2.8.0' ],
15 silly audit   'text-hex': [ '1.0.0' ],
15 silly audit   thenify: [ '3.3.1' ],
15 silly audit   'thenify-all': [ '1.6.0' ],
15 silly audit   thriftrw: [ '3.11.4' ],
15 silly audit   through: [ '2.3.8' ],
15 silly audit   'tiny-invariant': [ '1.3.3' ],
15 silly audit   tmp: [ '0.0.33' ],
15 silly audit   'to-regex-range': [ '5.0.1' ],
15 silly audit   toidentifier: [ '1.0.1' ],
15 silly audit   tr46: [ '0.0.3' ],
15 silly audit   'triple-beam': [ '1.4.1' ],
15 silly audit   'ts-interface-checker': [ '0.1.13' ],
15 silly audit   tslib: [ '2.8.1' ],
15 silly audit   tsx: [ '4.20.6' ],
15 silly audit   'typedarray-to-buffer': [ '3.1.5' ],
15 silly audit   typescript: [ '5.7.3' ],
15 silly audit   'uglify-js': [ '3.19.3' ],
15 silly audit   'unique-string': [ '2.0.0' ],
15 silly audit   universalify: [ '2.0.1' ],
15 silly audit   unpipe: [ '1.0.0' ],
15 silly audit   'uri-js': [ '4.4.1' ],
15 silly audit   'uri-templates': [ '0.2.0' ],
15 silly audit   'url-template': [ '2.0.8' ],
15 silly audit   'use-callback-ref': [ '1.3.3' ],
15 silly audit   'use-sidecar': [ '1.1.3' ],
15 silly audit   'util-deprecate': [ '1.0.2' ],
15 silly audit   'utils-merge': [ '1.0.1' ],
15 silly audit   vary: [ '1.1.2' ],
15 silly audit   'victory-vendor': [ '36.9.2' ],
15 silly audit   wcwidth: [ '1.0.1' ],
15 silly audit   'web-streams-polyfill': [ '3.3.3' ],
15 silly audit   'web-vitals': [ '4.2.4' ],
15 silly audit   'webidl-conversions': [ '3.0.1' ],
15 silly audit   'websocket-driver': [ '0.7.4' ],
15 silly audit   'websocket-extensions': [ '0.1.4' ],
15 silly audit   'whatwg-url': [ '5.0.0' ],
15 silly audit   which: [ '2.0.2' ],
15 silly audit   winston: [ '3.17.0' ],
15 silly audit   'winston-transport': [ '4.9.0' ],
15 silly audit   wordwrap: [ '1.0.0' ],
15 silly audit   wrappy: [ '1.0.2' ],
15 silly audit   'write-file-atomic': [ '3.0.3' ],
15 silly audit   'xdg-basedir': [ '4.0.0' ],
15 silly audit   xorshift: [ '1.2.0' ],
15 silly audit   xtend: [ '4.0.2' ],
15 silly audit   y18n: [ '5.0.8' ],
15 silly audit   yallist: [ '4.0.0' ],
15 silly audit   yaml: [ '2.8.0' ],
15 silly audit   yargs: [ '17.7.2' ],
15 silly audit   'yargs-parser': [ '21.1.1' ],
15 silly audit   yauzl: [ '2.10.0' ],
15 silly audit   'yocto-queue': [ '0.1.0' ],
15 silly audit   'yoctocolors-cjs': [ '2.1.3' ],
15 silly audit   zod: [ '3.24.2' ],
15 silly audit   'zod-to-json-schema': [ '3.24.6' ]
15 silly audit }
16 http fetch POST 200 https://registry.npmjs.org/-/npm/v1/security/advisories/bulk 1734ms
17 silly audit report {
17 silly audit report   '@babel/runtime': [
17 silly audit report     {
17 silly audit report       id: 1104000,
17 silly audit report       url: 'https://github.com/advisories/GHSA-968p-4wvh-cqc8',
17 silly audit report       title: 'Babel has inefficient RegExp complexity in generated code with .replace when transpiling named capturing groups',
17 silly audit report       severity: 'moderate',
17 silly audit report       vulnerable_versions: '<7.26.10',
17 silly audit report       cwe: [Array],
17 silly audit report       cvss: [Object]
17 silly audit report     }
17 silly audit report   ],
17 silly audit report   'brace-expansion': [
17 silly audit report     {
17 silly audit report       id: 1105443,
17 silly audit report       url: 'https://github.com/advisories/GHSA-v6h2-p8h4-qcjw',
17 silly audit report       title: 'brace-expansion Regular Expression Denial of Service vulnerability',
17 silly audit report       severity: 'low',
17 silly audit report       vulnerable_versions: '>=1.0.0 <=1.1.11',
17 silly audit report       cwe: [Array],
17 silly audit report       cvss: [Object]
17 silly audit report     },
17 silly audit report     {
17 silly audit report       id: 1105444,
17 silly audit report       url: 'https://github.com/advisories/GHSA-v6h2-p8h4-qcjw',
17 silly audit report       title: 'brace-expansion Regular Expression Denial of Service vulnerability',
17 silly audit report       severity: 'low',
17 silly audit report       vulnerable_versions: '>=2.0.0 <=2.0.1',
17 silly audit report       cwe: [Array],
17 silly audit report       cvss: [Object]
17 silly audit report     }
17 silly audit report   ],
17 silly audit report   next: [
17 silly audit report     {
17 silly audit report       id: 1107228,
17 silly audit report       url: 'https://github.com/advisories/GHSA-g5qg-72qw-gw5v',
17 silly audit report       title: 'Next.js Affected by Cache Key Confusion for Image Optimization API Routes',
17 silly audit report       severity: 'moderate',
17 silly audit report       vulnerable_versions: '>=15.0.0 <=15.4.4',
17 silly audit report       cwe: [Array],
17 silly audit report       cvss: [Object]
17 silly audit report     },
17 silly audit report     {
17 silly audit report       id: 1107514,
17 silly audit report       url: 'https://github.com/advisories/GHSA-xv57-4mr9-wg8v',
17 silly audit report       title: 'Next.js Content Injection Vulnerability for Image Optimization',
17 silly audit report       severity: 'moderate',
17 silly audit report       vulnerable_versions: '>=15.0.0 <=15.4.4',
17 silly audit report       cwe: [Array],
17 silly audit report       cvss: [Object]
17 silly audit report     },
17 silly audit report     {
17 silly audit report       id: 1107515,
17 silly audit report       url: 'https://github.com/advisories/GHSA-4342-x723-ch2f',
17 silly audit report       title: 'Next.js Improper Middleware Redirect Handling Leads to SSRF',
17 silly audit report       severity: 'moderate',
17 silly audit report       vulnerable_versions: '>=15.0.0-canary.0 <15.4.7',
17 silly audit report       cwe: [Array],
17 silly audit report       cvss: [Object]
17 silly audit report     }
17 silly audit report   ],
17 silly audit report   tmp: [
17 silly audit report     {
17 silly audit report       id: 1109537,
17 silly audit report       url: 'https://github.com/advisories/GHSA-52f5-9888-hmc6',
17 silly audit report       title: 'tmp allows arbitrary temporary file / directory write via symbolic link `dir` parameter',
17 silly audit report       severity: 'low',
17 silly audit report       vulnerable_versions: '<=0.2.3',
17 silly audit report       cwe: [Array],
17 silly audit report       cvss: [Object]
17 silly audit report     }
17 silly audit report   ]
17 silly audit report }
18 silly packumentCache corgi:https://registry.npmjs.org/@babel%2fruntime cache-miss
19 silly packumentCache corgi:https://registry.npmjs.org/brace-expansion cache-miss
20 silly packumentCache corgi:https://registry.npmjs.org/next cache-miss
21 silly packumentCache corgi:https://registry.npmjs.org/tmp cache-miss
22 http fetch GET 200 https://registry.npmjs.org/brace-expansion 119ms (cache revalidated)
23 silly packumentCache corgi:https://registry.npmjs.org/brace-expansion set size:16192 disposed:false
24 http fetch GET 200 https://registry.npmjs.org/tmp 448ms (cache revalidated)
25 silly packumentCache corgi:https://registry.npmjs.org/tmp set size:23979 disposed:false
26 http fetch GET 200 https://registry.npmjs.org/@babel%2fruntime 450ms (cache revalidated)
27 silly packumentCache corgi:https://registry.npmjs.org/@babel%2fruntime set size:218864 disposed:false
28 http fetch GET 200 https://registry.npmjs.org/next 556ms (cache revalidated)
29 silly packumentCache corgi:https://registry.npmjs.org/next set size:22405707 disposed:false
30 silly packumentCache corgi:https://registry.npmjs.org/dom-helpers cache-miss
31 silly packumentCache corgi:https://registry.npmjs.org/react-transition-group cache-miss
32 http fetch GET 200 https://registry.npmjs.org/dom-helpers 172ms (cache revalidated)
33 silly packumentCache corgi:https://registry.npmjs.org/dom-helpers set size:35093 disposed:false
34 http fetch GET 200 https://registry.npmjs.org/react-transition-group 207ms (cache revalidated)
35 silly packumentCache corgi:https://registry.npmjs.org/react-transition-group set size:56614 disposed:false
36 silly packumentCache corgi:https://registry.npmjs.org/minimatch cache-miss
37 http fetch GET 200 https://registry.npmjs.org/minimatch 107ms (cache revalidated)
38 silly packumentCache corgi:https://registry.npmjs.org/minimatch set size:145311 disposed:false
39 silly packumentCache corgi:https://registry.npmjs.org/@genkit-ai%2fnext cache-miss
40 http fetch GET 200 https://registry.npmjs.org/@genkit-ai%2fnext 2143ms (cache revalidated)
41 silly packumentCache corgi:https://registry.npmjs.org/@genkit-ai%2fnext set size:50780 disposed:false
42 silly packumentCache corgi:https://registry.npmjs.org/patch-package cache-miss
43 http fetch GET 200 https://registry.npmjs.org/patch-package 973ms (cache revalidated)
44 silly packumentCache corgi:https://registry.npmjs.org/patch-package set size:158395 disposed:false
45 verbose cwd C:\Program Files\My Project\Portfolio-main\Portfolio-main
46 verbose os Windows_NT 10.0.26100
47 verbose node v24.11.0
48 verbose npm  v11.3.0
49 verbose exit 0
50 info ok
